<?xml version="1.0" encoding="UTF-8"?>
<!-- Generated by org.testng.reporters.JUnitReportReporter -->
<testsuite hostname="DESKTOP-BMQHS61" failures="0" tests="5" name="test.WebTest" time="2.487" errors="0" timestamp="2025-01-19T11:22:01 ICT" skipped="0">
  <testcase classname="test.WebTest" name="testInvalidLogin" time="0.393"/>
  <system-out/>
  <testcase classname="test.WebTest" name="testValidLogin" time="1.077"/>
  <system-out/>
  <testcase classname="test.WebTest" name="testSearchValidProduct" time="0.171"/>
  <system-out/>
  <testcase classname="test.WebTest" name="testSearchInvalidProduct" time="0.218"/>
  <system-out/>
  <testcase classname="test.WebTest" name="testLogout" time="0.628"/>
  <system-out/>
</testsuite> <!-- test.WebTest -->
